{
  "stats": {
    "suites": 1,
    "tests": 13,
    "passes": 13,
    "pending": 0,
    "failures": 0,
    "start": "2022-12-07T09:10:00.050Z",
    "end": "2022-12-07T09:11:21.927Z",
    "duration": 81877,
    "testsRegistered": 13,
    "passPercent": 100,
    "pendingPercent": 0,
    "other": 0,
    "hasOther": false,
    "skipped": 0,
    "hasSkipped": false
  },
  "results": [
    {
      "uuid": "4b98234d-8833-4d94-85d5-fdf90b2d5b61",
      "title": "",
      "fullFile": "cypress/e2e/IslamicFinder/DemoQATest.cy.js",
      "file": "cypress/e2e/IslamicFinder/DemoQATest.cy.js",
      "beforeHooks": [],
      "afterHooks": [],
      "tests": [],
      "suites": [
        {
          "uuid": "13111419-46eb-4169-b1b9-bbd3a02aad78",
          "title": "DemoQA website",
          "fullFile": "",
          "file": "",
          "beforeHooks": [],
          "afterHooks": [],
          "tests": [
            {
              "title": "Opens the demo site",
              "fullTitle": "DemoQA website Opens the demo site",
              "timedOut": null,
              "duration": 8381,
              "state": "passed",
              "speed": "medium",
              "pass": true,
              "fail": false,
              "pending": false,
              "context": null,
              "code": "_MainCall.default.Demo.Url();\ncy.url().should('eq', 'https://demoqa.com/elements', {\n  timeout: 200000\n});",
              "err": {},
              "uuid": "301c4e1e-581d-4a2a-90c6-34bb7f47e935",
              "parentUUID": "13111419-46eb-4169-b1b9-bbd3a02aad78",
              "isHook": false,
              "skipped": false
            },
            {
              "title": "Verifies and Fills form",
              "fullTitle": "DemoQA website Verifies and Fills form",
              "timedOut": null,
              "duration": 5670,
              "state": "passed",
              "speed": "medium",
              "pass": true,
              "fail": false,
              "pending": false,
              "context": null,
              "code": "_MainCall.default.Demo.DealWithElements();",
              "err": {},
              "uuid": "eca33e31-7f8b-4c8f-8704-4b0d50b478dd",
              "parentUUID": "13111419-46eb-4169-b1b9-bbd3a02aad78",
              "isHook": false,
              "skipped": false
            },
            {
              "title": "Checkbox ",
              "fullTitle": "DemoQA website Checkbox ",
              "timedOut": null,
              "duration": 6063,
              "state": "passed",
              "speed": "medium",
              "pass": true,
              "fail": false,
              "pending": false,
              "context": null,
              "code": "_MainCall.default.Demo.CheckBox();",
              "err": {},
              "uuid": "96503b6b-4ef2-411d-9dc8-102d4f3a9926",
              "parentUUID": "13111419-46eb-4169-b1b9-bbd3a02aad78",
              "isHook": false,
              "skipped": false
            },
            {
              "title": "Radio Button ",
              "fullTitle": "DemoQA website Radio Button ",
              "timedOut": null,
              "duration": 308,
              "state": "passed",
              "speed": "fast",
              "pass": true,
              "fail": false,
              "pending": false,
              "context": null,
              "code": "_MainCall.default.Demo.RadioButton();",
              "err": {},
              "uuid": "98a5ed52-98cd-4a10-a7a9-f7885a701359",
              "parentUUID": "13111419-46eb-4169-b1b9-bbd3a02aad78",
              "isHook": false,
              "skipped": false
            },
            {
              "title": "Table ",
              "fullTitle": "DemoQA website Table ",
              "timedOut": null,
              "duration": 18889,
              "state": "passed",
              "speed": "slow",
              "pass": true,
              "fail": false,
              "pending": false,
              "context": null,
              "code": "_MainCall.default.Demo.Table();\n_MainCall.default.Demo.FillSalaryTable();\n_MainCall.default.Demo.EditRecordTable();\n_MainCall.default.Demo.SearchBox();\n_MainCall.default.Demo.DeleteTableData();",
              "err": {},
              "uuid": "c2405a72-29c5-4633-9a60-80433487932e",
              "parentUUID": "13111419-46eb-4169-b1b9-bbd3a02aad78",
              "isHook": false,
              "skipped": false
            },
            {
              "title": "Clicking the Button ",
              "fullTitle": "DemoQA website Clicking the Button ",
              "timedOut": null,
              "duration": 599,
              "state": "passed",
              "speed": "fast",
              "pass": true,
              "fail": false,
              "pending": false,
              "context": null,
              "code": "_MainCall.default.Demo.ButtonClicks();",
              "err": {},
              "uuid": "ff3c052c-806c-436b-b1d1-abd144ad4443",
              "parentUUID": "13111419-46eb-4169-b1b9-bbd3a02aad78",
              "isHook": false,
              "skipped": false
            },
            {
              "title": "Clicking the lINK ",
              "fullTitle": "DemoQA website Clicking the lINK ",
              "timedOut": null,
              "duration": 5796,
              "state": "passed",
              "speed": "medium",
              "pass": true,
              "fail": false,
              "pending": false,
              "context": null,
              "code": "_MainCall.default.Demo.Links();",
              "err": {},
              "uuid": "764218a3-dcea-428c-bd51-3694f79f811a",
              "parentUUID": "13111419-46eb-4169-b1b9-bbd3a02aad78",
              "isHook": false,
              "skipped": false
            },
            {
              "title": "Uploads and Downloads file",
              "fullTitle": "DemoQA website Uploads and Downloads file",
              "timedOut": null,
              "duration": 1079,
              "state": "passed",
              "speed": "fast",
              "pass": true,
              "fail": false,
              "pending": false,
              "context": null,
              "code": "_MainCall.default.Demo.UploadAndDownload();",
              "err": {},
              "uuid": "13d5fa2e-2b7f-4275-afc8-7ecd8dbdff09",
              "parentUUID": "13111419-46eb-4169-b1b9-bbd3a02aad78",
              "isHook": false,
              "skipped": false
            },
            {
              "title": "handle window file",
              "fullTitle": "DemoQA website handle window file",
              "timedOut": null,
              "duration": 4709,
              "state": "passed",
              "speed": "fast",
              "pass": true,
              "fail": false,
              "pending": false,
              "context": null,
              "code": "_MainCall.default.Demo.AlertsFrame();",
              "err": {},
              "uuid": "d486d9cb-002e-4ccb-8434-88340e87851c",
              "parentUUID": "13111419-46eb-4169-b1b9-bbd3a02aad78",
              "isHook": false,
              "skipped": false
            },
            {
              "title": "handles Alerts",
              "fullTitle": "DemoQA website handles Alerts",
              "timedOut": null,
              "duration": 5963,
              "state": "passed",
              "speed": "medium",
              "pass": true,
              "fail": false,
              "pending": false,
              "context": null,
              "code": "_MainCall.default.Demo.Alerts();",
              "err": {},
              "uuid": "26df6da1-e972-4fa7-9d0f-06638ae9d1df",
              "parentUUID": "13111419-46eb-4169-b1b9-bbd3a02aad78",
              "isHook": false,
              "skipped": false
            },
            {
              "title": "handles iframes",
              "fullTitle": "DemoQA website handles iframes",
              "timedOut": null,
              "duration": 2534,
              "state": "passed",
              "speed": "fast",
              "pass": true,
              "fail": false,
              "pending": false,
              "context": null,
              "code": "_MainCall.default.Demo.Frames();",
              "err": {},
              "uuid": "35c1ba91-2bc6-4700-99c0-1638ac17730a",
              "parentUUID": "13111419-46eb-4169-b1b9-bbd3a02aad78",
              "isHook": false,
              "skipped": false
            },
            {
              "title": "Iframes example",
              "fullTitle": "DemoQA website Iframes example",
              "timedOut": null,
              "duration": 6082,
              "state": "passed",
              "speed": "medium",
              "pass": true,
              "fail": false,
              "pending": false,
              "context": null,
              "code": "_MainCall.default.Demo.FramesExample();",
              "err": {},
              "uuid": "dab0a300-3a98-48e6-ad06-0988e339867f",
              "parentUUID": "13111419-46eb-4169-b1b9-bbd3a02aad78",
              "isHook": false,
              "skipped": false
            },
            {
              "title": "Nested Frames",
              "fullTitle": "DemoQA website Nested Frames",
              "timedOut": null,
              "duration": 3863,
              "state": "passed",
              "speed": "fast",
              "pass": true,
              "fail": false,
              "pending": false,
              "context": null,
              "code": "_MainCall.default.Demo.Dialogs();",
              "err": {},
              "uuid": "fe985b02-55f5-48f4-9f5a-b119a2218885",
              "parentUUID": "13111419-46eb-4169-b1b9-bbd3a02aad78",
              "isHook": false,
              "skipped": false
            }
          ],
          "suites": [],
          "passes": [
            "301c4e1e-581d-4a2a-90c6-34bb7f47e935",
            "eca33e31-7f8b-4c8f-8704-4b0d50b478dd",
            "96503b6b-4ef2-411d-9dc8-102d4f3a9926",
            "98a5ed52-98cd-4a10-a7a9-f7885a701359",
            "c2405a72-29c5-4633-9a60-80433487932e",
            "ff3c052c-806c-436b-b1d1-abd144ad4443",
            "764218a3-dcea-428c-bd51-3694f79f811a",
            "13d5fa2e-2b7f-4275-afc8-7ecd8dbdff09",
            "d486d9cb-002e-4ccb-8434-88340e87851c",
            "26df6da1-e972-4fa7-9d0f-06638ae9d1df",
            "35c1ba91-2bc6-4700-99c0-1638ac17730a",
            "dab0a300-3a98-48e6-ad06-0988e339867f",
            "fe985b02-55f5-48f4-9f5a-b119a2218885"
          ],
          "failures": [],
          "pending": [],
          "skipped": [],
          "duration": 69936,
          "root": false,
          "rootEmpty": false,
          "_timeout": 2000
        }
      ],
      "passes": [],
      "failures": [],
      "pending": [],
      "skipped": [],
      "duration": 0,
      "root": true,
      "rootEmpty": true,
      "_timeout": 2000
    }
  ],
  "meta": {
    "mocha": {
      "version": "7.0.1"
    },
    "mochawesome": {
      "options": {
        "quiet": false,
        "reportFilename": "mochawesome",
        "saveHtml": true,
        "saveJson": true,
        "consoleReporter": "spec",
        "useInlineDiffs": false,
        "code": true
      },
      "version": "7.1.3"
    },
    "marge": {
      "options": null,
      "version": "6.2.0"
    }
  }
}